{
  "stats": {
    "suites": 1,
    "tests": 2,
    "passes": 2,
    "pending": 0,
    "failures": 0,
    "start": "2022-06-23T14:40:51.799Z",
    "end": "2022-06-23T14:40:55.327Z",
    "duration": 3528,
    "testsRegistered": 2,
    "passPercent": 100,
    "pendingPercent": 0,
    "other": 0,
    "hasOther": false,
    "skipped": 0,
    "hasSkipped": false
  },
  "results": [
    {
      "uuid": "db80f83d-7953-481e-abc8-26220c0d1d00",
      "title": "",
      "fullFile": "cypress/integration/2-advanced-examples/aliasing.spec.js",
      "file": "cypress/integration/2-advanced-examples/aliasing.spec.js",
      "beforeHooks": [],
      "afterHooks": [],
      "tests": [],
      "suites": [
        {
          "uuid": "e0e07b93-9146-41ae-a7ff-07e5da944133",
          "title": "Aliasing",
          "fullFile": "",
          "file": "",
          "beforeHooks": [],
          "afterHooks": [],
          "tests": [
            {
              "title": ".as() - alias a DOM element for later use",
              "fullTitle": "Aliasing .as() - alias a DOM element for later use",
              "timedOut": null,
              "duration": 687,
              "state": "passed",
              "speed": "fast",
              "pass": true,
              "fail": false,
              "pending": false,
              "context": null,
              "code": "// https://on.cypress.io/as\n// Alias a DOM element for use later\n// We don't have to traverse to the element\n// later in our code, we reference it with @\ncy.get('.as-table').find('tbody>tr').first().find('td').first().find('button').as('firstBtn'); // when we reference the alias, we place an\n// @ in front of its name\ncy.get('@firstBtn').click();\ncy.get('@firstBtn').should('have.class', 'btn-success').and('contain', 'Changed');",
              "err": {},
              "uuid": "3c74efc2-aa76-4946-ac07-eed8f2a74c72",
              "parentUUID": "e0e07b93-9146-41ae-a7ff-07e5da944133",
              "isHook": false,
              "skipped": false
            },
            {
              "title": ".as() - alias a route for later use",
              "fullTitle": "Aliasing .as() - alias a route for later use",
              "timedOut": null,
              "duration": 1231,
              "state": "passed",
              "speed": "fast",
              "pass": true,
              "fail": false,
              "pending": false,
              "context": null,
              "code": "// Alias the route to wait for its response\ncy.intercept('GET', '**/comments/*').as('getComment'); // we have code that gets a comment when\n// the button is clicked in scripts.js\ncy.get('.network-btn').click(); // https://on.cypress.io/wait\ncy.wait('@getComment').its('response.statusCode').should('eq', 200);",
              "err": {},
              "uuid": "07621648-a03e-4644-bf30-c5ffbc742867",
              "parentUUID": "e0e07b93-9146-41ae-a7ff-07e5da944133",
              "isHook": false,
              "skipped": false
            }
          ],
          "suites": [],
          "passes": [
            "3c74efc2-aa76-4946-ac07-eed8f2a74c72",
            "07621648-a03e-4644-bf30-c5ffbc742867"
          ],
          "failures": [],
          "pending": [],
          "skipped": [],
          "duration": 1918,
          "root": false,
          "rootEmpty": false,
          "_timeout": 2000
        }
      ],
      "passes": [],
      "failures": [],
      "pending": [],
      "skipped": [],
      "duration": 0,
      "root": true,
      "rootEmpty": true,
      "_timeout": 2000
    }
  ],
  "meta": {
    "mocha": {
      "version": "7.0.1"
    },
    "mochawesome": {
      "options": {
        "quiet": false,
        "reportFilename": "[status]_[datetime]-[name]-report",
        "saveHtml": true,
        "saveJson": true,
        "consoleReporter": "spec",
        "useInlineDiffs": false,
        "code": true
      },
      "version": "7.1.3"
    },
    "marge": {
      "options": {
        "reportFilename": "[status]_[datetime]-[name]-report",
        "timestamp": "isoDateTime",
        "overwrite": false,
        "html": true,
        "json": true
      },
      "version": "6.2.0"
    }
  }
}