{
  "stats": {
    "suites": 3,
    "tests": 14,
    "passes": 14,
    "pending": 0,
    "failures": 0,
    "start": "2022-06-21T20:21:56.975Z",
    "end": "2022-06-21T20:22:08.117Z",
    "duration": 11142,
    "testsRegistered": 14,
    "passPercent": 100,
    "pendingPercent": 0,
    "other": 0,
    "hasOther": false,
    "skipped": 0,
    "hasSkipped": false
  },
  "results": [
    {
      "uuid": "db65014f-0315-4959-b8b6-860f5ed9e2a1",
      "title": "",
      "fullFile": "cypress/integration/e2e/testBmi.spec.js",
      "file": "cypress/integration/e2e/testBmi.spec.js",
      "beforeHooks": [],
      "afterHooks": [],
      "tests": [],
      "suites": [
        {
          "uuid": "e909c634-84cd-49b5-b993-0433eb2db256",
          "title": "KalkulatorBMI",
          "fullFile": "",
          "file": "",
          "beforeHooks": [],
          "afterHooks": [],
          "tests": [],
          "suites": [
            {
              "uuid": "0aa3b2bd-250a-4e2c-af37-9989ab765a17",
              "title": "Landing Page",
              "fullFile": "",
              "file": "",
              "beforeHooks": [],
              "afterHooks": [],
              "tests": [
                {
                  "title": "Test1",
                  "fullTitle": "KalkulatorBMI Landing Page Test1",
                  "timedOut": null,
                  "duration": 260,
                  "state": "passed",
                  "speed": "fast",
                  "pass": true,
                  "fail": false,
                  "pending": false,
                  "context": null,
                  "code": "cy.visit('http://localhost:8080/');\ncy.get('.title').should('contain', 'Kalkulator BMI');",
                  "err": {},
                  "uuid": "17dca558-68c8-4fb2-8c9e-15e0e5ec5115",
                  "parentUUID": "0aa3b2bd-250a-4e2c-af37-9989ab765a17",
                  "isHook": false,
                  "skipped": false
                }
              ],
              "suites": [],
              "passes": [
                "17dca558-68c8-4fb2-8c9e-15e0e5ec5115"
              ],
              "failures": [],
              "pending": [],
              "skipped": [],
              "duration": 260,
              "root": false,
              "rootEmpty": false,
              "_timeout": 2000
            },
            {
              "uuid": "561176ad-d418-421d-a27b-4e9dc681c0e1",
              "title": "Next Tests",
              "fullFile": "",
              "file": "",
              "beforeHooks": [],
              "afterHooks": [],
              "tests": [
                {
                  "title": "Test2",
                  "fullTitle": "KalkulatorBMI Next Tests Test2",
                  "timedOut": null,
                  "duration": 518,
                  "state": "passed",
                  "speed": "fast",
                  "pass": true,
                  "fail": false,
                  "pending": false,
                  "context": null,
                  "code": "cy.get('.height').type('170');\nbmi.getConfirmButton().click();\ncy.get('#wzrostWyswietlony').should('contain', '170');",
                  "err": {},
                  "uuid": "f4b5f0a5-6e6b-4c9a-bd02-76dde1dc66f8",
                  "parentUUID": "561176ad-d418-421d-a27b-4e9dc681c0e1",
                  "isHook": false,
                  "skipped": false
                },
                {
                  "title": "Test3",
                  "fullTitle": "KalkulatorBMI Next Tests Test3",
                  "timedOut": null,
                  "duration": 483,
                  "state": "passed",
                  "speed": "fast",
                  "pass": true,
                  "fail": false,
                  "pending": false,
                  "context": null,
                  "code": "cy.get('.weight').type('60');\nbmi.getConfirmButton().click();\ncy.get('#wagaWyswietlona').should('contain', '60');",
                  "err": {},
                  "uuid": "17388107-7af5-43fd-9da0-0299cf07ad87",
                  "parentUUID": "561176ad-d418-421d-a27b-4e9dc681c0e1",
                  "isHook": false,
                  "skipped": false
                },
                {
                  "title": "Test4",
                  "fullTitle": "KalkulatorBMI Next Tests Test4",
                  "timedOut": null,
                  "duration": 488,
                  "state": "passed",
                  "speed": "fast",
                  "pass": true,
                  "fail": false,
                  "pending": false,
                  "context": null,
                  "code": "cy.get('.height').type('241');\nbmi.getConfirmButton().click();\ncy.get('#wzrostWyswietlony').should('contain', 'Wzrost nie jest poprawny.');",
                  "err": {},
                  "uuid": "d8db9aaa-e437-486e-bed4-95b2e67de660",
                  "parentUUID": "561176ad-d418-421d-a27b-4e9dc681c0e1",
                  "isHook": false,
                  "skipped": false
                },
                {
                  "title": "Test5",
                  "fullTitle": "KalkulatorBMI Next Tests Test5",
                  "timedOut": null,
                  "duration": 473,
                  "state": "passed",
                  "speed": "fast",
                  "pass": true,
                  "fail": false,
                  "pending": false,
                  "context": null,
                  "code": "cy.get('.height').type('119');\nbmi.getConfirmButton().click();\ncy.get('#wzrostWyswietlony').should('contain', 'Wzrost nie jest poprawny.');",
                  "err": {},
                  "uuid": "f5152cd7-3766-4e6e-9563-92e9673c280d",
                  "parentUUID": "561176ad-d418-421d-a27b-4e9dc681c0e1",
                  "isHook": false,
                  "skipped": false
                },
                {
                  "title": "Test6",
                  "fullTitle": "KalkulatorBMI Next Tests Test6",
                  "timedOut": null,
                  "duration": 448,
                  "state": "passed",
                  "speed": "fast",
                  "pass": true,
                  "fail": false,
                  "pending": false,
                  "context": null,
                  "code": "cy.get('.weight').type('201');\nbmi.getConfirmButton().click();\ncy.get('#wagaWyswietlona').should('contain', 'Waga nie jest poprawna.');",
                  "err": {},
                  "uuid": "f070d572-a25f-42e5-af3e-5e09be6be74f",
                  "parentUUID": "561176ad-d418-421d-a27b-4e9dc681c0e1",
                  "isHook": false,
                  "skipped": false
                },
                {
                  "title": "Test7",
                  "fullTitle": "KalkulatorBMI Next Tests Test7",
                  "timedOut": null,
                  "duration": 445,
                  "state": "passed",
                  "speed": "fast",
                  "pass": true,
                  "fail": false,
                  "pending": false,
                  "context": null,
                  "code": "cy.get('.weight').type('39');\nbmi.getConfirmButton().click();\ncy.get('#wagaWyswietlona').should('contain', 'Waga nie jest poprawna.');",
                  "err": {},
                  "uuid": "db9cfc64-90f3-4dea-b696-d480ddbfa735",
                  "parentUUID": "561176ad-d418-421d-a27b-4e9dc681c0e1",
                  "isHook": false,
                  "skipped": false
                },
                {
                  "title": "Test8",
                  "fullTitle": "KalkulatorBMI Next Tests Test8",
                  "timedOut": null,
                  "duration": 325,
                  "state": "passed",
                  "speed": "fast",
                  "pass": true,
                  "fail": false,
                  "pending": false,
                  "context": null,
                  "code": "cy.get('.przycisk').click();\ncy.get('#wzrostWyswietlony').should('contain', 'Wzrost nie jest poprawny.');",
                  "err": {},
                  "uuid": "86dec5b8-17a3-4642-b579-73a1d667e474",
                  "parentUUID": "561176ad-d418-421d-a27b-4e9dc681c0e1",
                  "isHook": false,
                  "skipped": false
                },
                {
                  "title": "Test9",
                  "fullTitle": "KalkulatorBMI Next Tests Test9",
                  "timedOut": null,
                  "duration": 241,
                  "state": "passed",
                  "speed": "fast",
                  "pass": true,
                  "fail": false,
                  "pending": false,
                  "context": null,
                  "code": "cy.get('.przycisk').click();\ncy.get('#wagaWyswietlona').should('contain', 'Waga nie jest poprawna.');",
                  "err": {},
                  "uuid": "dfb7bfb9-bdf0-4e84-92bf-fae7984df0a9",
                  "parentUUID": "561176ad-d418-421d-a27b-4e9dc681c0e1",
                  "isHook": false,
                  "skipped": false
                },
                {
                  "title": "Test10",
                  "fullTitle": "KalkulatorBMI Next Tests Test10",
                  "timedOut": null,
                  "duration": 634,
                  "state": "passed",
                  "speed": "fast",
                  "pass": true,
                  "fail": false,
                  "pending": false,
                  "context": null,
                  "code": "cy.get('.height').type('170');\ncy.get('.weight').type('60');\ncy.get('.przycisk').click();\ncy.get('.wynikWyswietlony').should('contain', '20.76');",
                  "err": {},
                  "uuid": "eeda36d6-ac3f-41c1-bfcf-3c23e3b38146",
                  "parentUUID": "561176ad-d418-421d-a27b-4e9dc681c0e1",
                  "isHook": false,
                  "skipped": false
                },
                {
                  "title": "Test11",
                  "fullTitle": "KalkulatorBMI Next Tests Test11",
                  "timedOut": null,
                  "duration": 1173,
                  "state": "passed",
                  "speed": "fast",
                  "pass": true,
                  "fail": false,
                  "pending": false,
                  "context": null,
                  "code": "cy.get('.height').type('170');\ncy.get('.weight').type('60');\ncy.get('.przycisk').click();\ncy.get('.height').type('170');\ncy.get('.weight').type('65');\ncy.get('.przycisk').click();\ncy.get('#opinia').should('contain', 'Twoje BMI wzrosło!');",
                  "err": {},
                  "uuid": "0e9665b0-a5b4-4985-a127-1344098a66f9",
                  "parentUUID": "561176ad-d418-421d-a27b-4e9dc681c0e1",
                  "isHook": false,
                  "skipped": false
                },
                {
                  "title": "Test12",
                  "fullTitle": "KalkulatorBMI Next Tests Test12",
                  "timedOut": null,
                  "duration": 1170,
                  "state": "passed",
                  "speed": "fast",
                  "pass": true,
                  "fail": false,
                  "pending": false,
                  "context": null,
                  "code": "cy.get('.height').type('170');\ncy.get('.weight').type('60');\ncy.get('.przycisk').click();\ncy.get('.height').type('170');\ncy.get('.weight').type('58');\ncy.get('.przycisk').click();\ncy.get('#opinia').should('contain', 'Twoje BMI spadło!');",
                  "err": {},
                  "uuid": "7bff5b49-3699-479e-9a1b-34e6a7c0f779",
                  "parentUUID": "561176ad-d418-421d-a27b-4e9dc681c0e1",
                  "isHook": false,
                  "skipped": false
                },
                {
                  "title": "Test13",
                  "fullTitle": "KalkulatorBMI Next Tests Test13",
                  "timedOut": null,
                  "duration": 759,
                  "state": "passed",
                  "speed": "fast",
                  "pass": true,
                  "fail": false,
                  "pending": false,
                  "context": null,
                  "code": "cy.get('.height').type('170');\ncy.get('.weight').type('60');\ncy.get('.przycisk').click();\ncy.get('#pomiaryHistorii').should('contain', 'Pomiar #1');",
                  "err": {},
                  "uuid": "042462d4-7d7b-4a5c-b91e-8f537d6013b6",
                  "parentUUID": "561176ad-d418-421d-a27b-4e9dc681c0e1",
                  "isHook": false,
                  "skipped": false
                },
                {
                  "title": "Test14",
                  "fullTitle": "KalkulatorBMI Next Tests Test14",
                  "timedOut": null,
                  "duration": 1112,
                  "state": "passed",
                  "speed": "fast",
                  "pass": true,
                  "fail": false,
                  "pending": false,
                  "context": null,
                  "code": "cy.get('.height').type('170');\ncy.get('.weight').type('60');\ncy.get('.przycisk').click();\ncy.get('.height').type('170');\ncy.get('.weight').type('58');\ncy.get('.przycisk').click();\ncy.get('#pomiaryHistorii').should('contain', 'Pomiar #2');",
                  "err": {},
                  "uuid": "f041dce2-e264-46eb-a740-a13980040a67",
                  "parentUUID": "561176ad-d418-421d-a27b-4e9dc681c0e1",
                  "isHook": false,
                  "skipped": false
                }
              ],
              "suites": [],
              "passes": [
                "f4b5f0a5-6e6b-4c9a-bd02-76dde1dc66f8",
                "17388107-7af5-43fd-9da0-0299cf07ad87",
                "d8db9aaa-e437-486e-bed4-95b2e67de660",
                "f5152cd7-3766-4e6e-9563-92e9673c280d",
                "f070d572-a25f-42e5-af3e-5e09be6be74f",
                "db9cfc64-90f3-4dea-b696-d480ddbfa735",
                "86dec5b8-17a3-4642-b579-73a1d667e474",
                "dfb7bfb9-bdf0-4e84-92bf-fae7984df0a9",
                "eeda36d6-ac3f-41c1-bfcf-3c23e3b38146",
                "0e9665b0-a5b4-4985-a127-1344098a66f9",
                "7bff5b49-3699-479e-9a1b-34e6a7c0f779",
                "042462d4-7d7b-4a5c-b91e-8f537d6013b6",
                "f041dce2-e264-46eb-a740-a13980040a67"
              ],
              "failures": [],
              "pending": [],
              "skipped": [],
              "duration": 8269,
              "root": false,
              "rootEmpty": false,
              "_timeout": 2000
            }
          ],
          "passes": [],
          "failures": [],
          "pending": [],
          "skipped": [],
          "duration": 0,
          "root": false,
          "rootEmpty": false,
          "_timeout": 2000
        }
      ],
      "passes": [],
      "failures": [],
      "pending": [],
      "skipped": [],
      "duration": 0,
      "root": true,
      "rootEmpty": true,
      "_timeout": 2000
    }
  ],
  "meta": {
    "mocha": {
      "version": "7.0.1"
    },
    "mochawesome": {
      "options": {
        "quiet": false,
        "reportFilename": "[status]_[datetime]-[name]-report",
        "saveHtml": true,
        "saveJson": true,
        "consoleReporter": "spec",
        "useInlineDiffs": false,
        "code": true
      },
      "version": "7.1.3"
    },
    "marge": {
      "options": {
        "reportFilename": "[status]_[datetime]-[name]-report",
        "timestamp": "isoDateTime",
        "overwrite": false,
        "html": true,
        "json": true
      },
      "version": "6.2.0"
    }
  }
}