{
  "stats": {
    "suites": 3,
    "tests": 14,
    "passes": 14,
    "pending": 0,
    "failures": 0,
    "start": "2022-06-23T14:44:13.313Z",
    "end": "2022-06-23T14:44:22.838Z",
    "duration": 9525,
    "testsRegistered": 14,
    "passPercent": 100,
    "pendingPercent": 0,
    "other": 0,
    "hasOther": false,
    "skipped": 0,
    "hasSkipped": false
  },
  "results": [
    {
      "uuid": "40273900-e3ec-4b4d-b775-a4c42ae8673a",
      "title": "",
      "fullFile": "cypress/integration/e2e/testBmi.spec.js",
      "file": "cypress/integration/e2e/testBmi.spec.js",
      "beforeHooks": [],
      "afterHooks": [],
      "tests": [],
      "suites": [
        {
          "uuid": "d47e9bc6-bbb2-4011-a27a-d834c96c1dfb",
          "title": "KalkulatorBMI",
          "fullFile": "",
          "file": "",
          "beforeHooks": [],
          "afterHooks": [],
          "tests": [],
          "suites": [
            {
              "uuid": "60e3cc7f-55dd-42e6-ba5d-9f30f1ea89b8",
              "title": "Landing Page",
              "fullFile": "",
              "file": "",
              "beforeHooks": [],
              "afterHooks": [],
              "tests": [
                {
                  "title": "Test1",
                  "fullTitle": "KalkulatorBMI Landing Page Test1",
                  "timedOut": null,
                  "duration": 180,
                  "state": "passed",
                  "speed": "fast",
                  "pass": true,
                  "fail": false,
                  "pending": false,
                  "context": null,
                  "code": "cy.visit('http://localhost:8080/');\ncy.get('.title').should('contain', 'Kalkulator BMI');",
                  "err": {},
                  "uuid": "51e38f56-87f2-4db2-9d51-058547688639",
                  "parentUUID": "60e3cc7f-55dd-42e6-ba5d-9f30f1ea89b8",
                  "isHook": false,
                  "skipped": false
                }
              ],
              "suites": [],
              "passes": [
                "51e38f56-87f2-4db2-9d51-058547688639"
              ],
              "failures": [],
              "pending": [],
              "skipped": [],
              "duration": 180,
              "root": false,
              "rootEmpty": false,
              "_timeout": 2000
            },
            {
              "uuid": "fd10bc82-b10e-4067-8036-7c68a286a445",
              "title": "Next Tests",
              "fullFile": "",
              "file": "",
              "beforeHooks": [],
              "afterHooks": [],
              "tests": [
                {
                  "title": "Test2",
                  "fullTitle": "KalkulatorBMI Next Tests Test2",
                  "timedOut": null,
                  "duration": 450,
                  "state": "passed",
                  "speed": "fast",
                  "pass": true,
                  "fail": false,
                  "pending": false,
                  "context": null,
                  "code": "cy.get('.height').type('170');\nbmi.getConfirmButton().click();\ncy.get('#wzrostWyswietlony').should('contain', '170');",
                  "err": {},
                  "uuid": "89758ad2-f405-48d1-aeba-50124dbec507",
                  "parentUUID": "fd10bc82-b10e-4067-8036-7c68a286a445",
                  "isHook": false,
                  "skipped": false
                },
                {
                  "title": "Test3",
                  "fullTitle": "KalkulatorBMI Next Tests Test3",
                  "timedOut": null,
                  "duration": 357,
                  "state": "passed",
                  "speed": "fast",
                  "pass": true,
                  "fail": false,
                  "pending": false,
                  "context": null,
                  "code": "cy.get('.weight').type('60');\nbmi.getConfirmButton().click();\ncy.get('#wagaWyswietlona').should('contain', '60');",
                  "err": {},
                  "uuid": "c7058456-30ae-45be-a19b-93a59f3f49fd",
                  "parentUUID": "fd10bc82-b10e-4067-8036-7c68a286a445",
                  "isHook": false,
                  "skipped": false
                },
                {
                  "title": "Test4",
                  "fullTitle": "KalkulatorBMI Next Tests Test4",
                  "timedOut": null,
                  "duration": 384,
                  "state": "passed",
                  "speed": "fast",
                  "pass": true,
                  "fail": false,
                  "pending": false,
                  "context": null,
                  "code": "cy.get('.height').type('241');\nbmi.getConfirmButton().click();\ncy.get('#wzrostWyswietlony').should('contain', 'Wzrost nie jest poprawny.');",
                  "err": {},
                  "uuid": "8b87d108-09f8-4de8-828b-f23aa3f19308",
                  "parentUUID": "fd10bc82-b10e-4067-8036-7c68a286a445",
                  "isHook": false,
                  "skipped": false
                },
                {
                  "title": "Test5",
                  "fullTitle": "KalkulatorBMI Next Tests Test5",
                  "timedOut": null,
                  "duration": 388,
                  "state": "passed",
                  "speed": "fast",
                  "pass": true,
                  "fail": false,
                  "pending": false,
                  "context": null,
                  "code": "cy.get('.height').type('119');\nbmi.getConfirmButton().click();\ncy.get('#wzrostWyswietlony').should('contain', 'Wzrost nie jest poprawny.');",
                  "err": {},
                  "uuid": "fe3eef56-a5d1-4d5a-8608-9b5ecde83678",
                  "parentUUID": "fd10bc82-b10e-4067-8036-7c68a286a445",
                  "isHook": false,
                  "skipped": false
                },
                {
                  "title": "Test6",
                  "fullTitle": "KalkulatorBMI Next Tests Test6",
                  "timedOut": null,
                  "duration": 383,
                  "state": "passed",
                  "speed": "fast",
                  "pass": true,
                  "fail": false,
                  "pending": false,
                  "context": null,
                  "code": "cy.get('.weight').type('201');\nbmi.getConfirmButton().click();\ncy.get('#wagaWyswietlona').should('contain', 'Waga nie jest poprawna.');",
                  "err": {},
                  "uuid": "7b9d4c99-e82e-4483-8df7-4854a32e2b22",
                  "parentUUID": "fd10bc82-b10e-4067-8036-7c68a286a445",
                  "isHook": false,
                  "skipped": false
                },
                {
                  "title": "Test7",
                  "fullTitle": "KalkulatorBMI Next Tests Test7",
                  "timedOut": null,
                  "duration": 387,
                  "state": "passed",
                  "speed": "fast",
                  "pass": true,
                  "fail": false,
                  "pending": false,
                  "context": null,
                  "code": "cy.get('.weight').type('39');\nbmi.getConfirmButton().click();\ncy.get('#wagaWyswietlona').should('contain', 'Waga nie jest poprawna.');",
                  "err": {},
                  "uuid": "91459338-b735-4c5e-abff-b65deeca2bc2",
                  "parentUUID": "fd10bc82-b10e-4067-8036-7c68a286a445",
                  "isHook": false,
                  "skipped": false
                },
                {
                  "title": "Test8",
                  "fullTitle": "KalkulatorBMI Next Tests Test8",
                  "timedOut": null,
                  "duration": 214,
                  "state": "passed",
                  "speed": "fast",
                  "pass": true,
                  "fail": false,
                  "pending": false,
                  "context": null,
                  "code": "cy.get('.przycisk').click();\ncy.get('#wzrostWyswietlony').should('contain', 'Wzrost nie jest poprawny.');",
                  "err": {},
                  "uuid": "6e32e78e-4589-4cf6-9a04-82bd26a7bf6d",
                  "parentUUID": "fd10bc82-b10e-4067-8036-7c68a286a445",
                  "isHook": false,
                  "skipped": false
                },
                {
                  "title": "Test9",
                  "fullTitle": "KalkulatorBMI Next Tests Test9",
                  "timedOut": null,
                  "duration": 294,
                  "state": "passed",
                  "speed": "fast",
                  "pass": true,
                  "fail": false,
                  "pending": false,
                  "context": null,
                  "code": "cy.get('.przycisk').click();\ncy.get('#wagaWyswietlona').should('contain', 'Waga nie jest poprawna.');",
                  "err": {},
                  "uuid": "f5b18576-7464-49a7-bd07-0b796c1f1906",
                  "parentUUID": "fd10bc82-b10e-4067-8036-7c68a286a445",
                  "isHook": false,
                  "skipped": false
                },
                {
                  "title": "Test10",
                  "fullTitle": "KalkulatorBMI Next Tests Test10",
                  "timedOut": null,
                  "duration": 637,
                  "state": "passed",
                  "speed": "fast",
                  "pass": true,
                  "fail": false,
                  "pending": false,
                  "context": null,
                  "code": "cy.get('.height').type('170');\ncy.get('.weight').type('60');\ncy.get('.przycisk').click();\ncy.get('.wynikWyswietlony').should('contain', '20.76');",
                  "err": {},
                  "uuid": "29da16a4-e93d-46ad-a43e-2733f2b8b7c0",
                  "parentUUID": "fd10bc82-b10e-4067-8036-7c68a286a445",
                  "isHook": false,
                  "skipped": false
                },
                {
                  "title": "Test11",
                  "fullTitle": "KalkulatorBMI Next Tests Test11",
                  "timedOut": null,
                  "duration": 1098,
                  "state": "passed",
                  "speed": "fast",
                  "pass": true,
                  "fail": false,
                  "pending": false,
                  "context": null,
                  "code": "cy.get('.height').type('170');\ncy.get('.weight').type('60');\ncy.get('.przycisk').click();\ncy.get('.height').type('170');\ncy.get('.weight').type('65');\ncy.get('.przycisk').click();\ncy.get('#opinia').should('contain', 'Twoje BMI wzrosło!');",
                  "err": {},
                  "uuid": "451aff16-ef02-4a24-9bd6-2d142c2992ba",
                  "parentUUID": "fd10bc82-b10e-4067-8036-7c68a286a445",
                  "isHook": false,
                  "skipped": false
                },
                {
                  "title": "Test12",
                  "fullTitle": "KalkulatorBMI Next Tests Test12",
                  "timedOut": null,
                  "duration": 1137,
                  "state": "passed",
                  "speed": "fast",
                  "pass": true,
                  "fail": false,
                  "pending": false,
                  "context": null,
                  "code": "cy.get('.height').type('170');\ncy.get('.weight').type('60');\ncy.get('.przycisk').click();\ncy.get('.height').type('170');\ncy.get('.weight').type('58');\ncy.get('.przycisk').click();\ncy.get('#opinia').should('contain', 'Twoje BMI spadło!');",
                  "err": {},
                  "uuid": "82a238c2-045e-4594-aec7-937f44a5c2a5",
                  "parentUUID": "fd10bc82-b10e-4067-8036-7c68a286a445",
                  "isHook": false,
                  "skipped": false
                },
                {
                  "title": "Test13",
                  "fullTitle": "KalkulatorBMI Next Tests Test13",
                  "timedOut": null,
                  "duration": 581,
                  "state": "passed",
                  "speed": "fast",
                  "pass": true,
                  "fail": false,
                  "pending": false,
                  "context": null,
                  "code": "cy.get('.height').type('170');\ncy.get('.weight').type('60');\ncy.get('.przycisk').click();\ncy.get('#pomiaryHistorii').should('contain', 'Pomiar #1');",
                  "err": {},
                  "uuid": "441f302f-1fdf-4ce7-831d-fbbf029ebcc2",
                  "parentUUID": "fd10bc82-b10e-4067-8036-7c68a286a445",
                  "isHook": false,
                  "skipped": false
                },
                {
                  "title": "Test14",
                  "fullTitle": "KalkulatorBMI Next Tests Test14",
                  "timedOut": null,
                  "duration": 1024,
                  "state": "passed",
                  "speed": "fast",
                  "pass": true,
                  "fail": false,
                  "pending": false,
                  "context": null,
                  "code": "cy.get('.height').as('input');\ncy.fixture('height').then(frazes => {\n  cy.get('@input').type(frazes[0].fraze);\n});\ncy.get('.weight').as('input');\ncy.fixture('height').then(frazes => {\n  cy.get('@input').type(frazes[1].fraze);\n});\n;\ncy.get('.przycisk').click();\ncy.get('.height').as('input');\ncy.fixture('height').then(frazes => {\n  cy.get('@input').type(frazes[0].fraze);\n});\ncy.get('.weight').type('58');\ncy.get('.przycisk').click();\ncy.get('#pomiaryHistorii').should('contain', 'Pomiar #2');",
                  "err": {},
                  "uuid": "a1a8f0ca-64f5-4586-b73a-5d47b1ea80b2",
                  "parentUUID": "fd10bc82-b10e-4067-8036-7c68a286a445",
                  "isHook": false,
                  "skipped": false
                }
              ],
              "suites": [],
              "passes": [
                "89758ad2-f405-48d1-aeba-50124dbec507",
                "c7058456-30ae-45be-a19b-93a59f3f49fd",
                "8b87d108-09f8-4de8-828b-f23aa3f19308",
                "fe3eef56-a5d1-4d5a-8608-9b5ecde83678",
                "7b9d4c99-e82e-4483-8df7-4854a32e2b22",
                "91459338-b735-4c5e-abff-b65deeca2bc2",
                "6e32e78e-4589-4cf6-9a04-82bd26a7bf6d",
                "f5b18576-7464-49a7-bd07-0b796c1f1906",
                "29da16a4-e93d-46ad-a43e-2733f2b8b7c0",
                "451aff16-ef02-4a24-9bd6-2d142c2992ba",
                "82a238c2-045e-4594-aec7-937f44a5c2a5",
                "441f302f-1fdf-4ce7-831d-fbbf029ebcc2",
                "a1a8f0ca-64f5-4586-b73a-5d47b1ea80b2"
              ],
              "failures": [],
              "pending": [],
              "skipped": [],
              "duration": 7334,
              "root": false,
              "rootEmpty": false,
              "_timeout": 2000
            }
          ],
          "passes": [],
          "failures": [],
          "pending": [],
          "skipped": [],
          "duration": 0,
          "root": false,
          "rootEmpty": false,
          "_timeout": 2000
        }
      ],
      "passes": [],
      "failures": [],
      "pending": [],
      "skipped": [],
      "duration": 0,
      "root": true,
      "rootEmpty": true,
      "_timeout": 2000
    }
  ],
  "meta": {
    "mocha": {
      "version": "7.0.1"
    },
    "mochawesome": {
      "options": {
        "quiet": false,
        "reportFilename": "[status]_[datetime]-[name]-report",
        "saveHtml": true,
        "saveJson": true,
        "consoleReporter": "spec",
        "useInlineDiffs": false,
        "code": true
      },
      "version": "7.1.3"
    },
    "marge": {
      "options": {
        "reportFilename": "[status]_[datetime]-[name]-report",
        "timestamp": "isoDateTime",
        "overwrite": false,
        "html": true,
        "json": true
      },
      "version": "6.2.0"
    }
  }
}