{
  "stats": {
    "suites": 3,
    "tests": 14,
    "passes": 14,
    "pending": 0,
    "failures": 0,
    "start": "2022-06-23T14:00:02.828Z",
    "end": "2022-06-23T14:00:12.566Z",
    "duration": 9738,
    "testsRegistered": 14,
    "passPercent": 100,
    "pendingPercent": 0,
    "other": 0,
    "hasOther": false,
    "skipped": 0,
    "hasSkipped": false
  },
  "results": [
    {
      "uuid": "533a1ece-dd9c-4c19-8e16-355d026b5fda",
      "title": "",
      "fullFile": "cypress/integration/e2e/testBmi.spec.js",
      "file": "cypress/integration/e2e/testBmi.spec.js",
      "beforeHooks": [],
      "afterHooks": [],
      "tests": [],
      "suites": [
        {
          "uuid": "0efcda35-d046-4207-943f-2d61c7dc1009",
          "title": "KalkulatorBMI",
          "fullFile": "",
          "file": "",
          "beforeHooks": [],
          "afterHooks": [],
          "tests": [],
          "suites": [
            {
              "uuid": "8827efa4-0dd9-4da7-84f6-2342843986e0",
              "title": "Landing Page",
              "fullFile": "",
              "file": "",
              "beforeHooks": [],
              "afterHooks": [],
              "tests": [
                {
                  "title": "Test1",
                  "fullTitle": "KalkulatorBMI Landing Page Test1",
                  "timedOut": null,
                  "duration": 174,
                  "state": "passed",
                  "speed": "fast",
                  "pass": true,
                  "fail": false,
                  "pending": false,
                  "context": null,
                  "code": "cy.visit('http://localhost:8080/');\ncy.get('.title').should('contain', 'Kalkulator BMI');",
                  "err": {},
                  "uuid": "a5997510-67d5-4d15-8df4-1d50f7383fdf",
                  "parentUUID": "8827efa4-0dd9-4da7-84f6-2342843986e0",
                  "isHook": false,
                  "skipped": false
                }
              ],
              "suites": [],
              "passes": [
                "a5997510-67d5-4d15-8df4-1d50f7383fdf"
              ],
              "failures": [],
              "pending": [],
              "skipped": [],
              "duration": 174,
              "root": false,
              "rootEmpty": false,
              "_timeout": 2000
            },
            {
              "uuid": "89431738-5718-47d9-879e-d6c4008b0e17",
              "title": "Next Tests",
              "fullFile": "",
              "file": "",
              "beforeHooks": [],
              "afterHooks": [],
              "tests": [
                {
                  "title": "Test2",
                  "fullTitle": "KalkulatorBMI Next Tests Test2",
                  "timedOut": null,
                  "duration": 500,
                  "state": "passed",
                  "speed": "fast",
                  "pass": true,
                  "fail": false,
                  "pending": false,
                  "context": null,
                  "code": "cy.get('.height').type('170');\nbmi.getConfirmButton().click();\ncy.get('#wzrostWyswietlony').should('contain', '170');",
                  "err": {},
                  "uuid": "7f416164-02a0-42e2-9a22-23da81eb28f7",
                  "parentUUID": "89431738-5718-47d9-879e-d6c4008b0e17",
                  "isHook": false,
                  "skipped": false
                },
                {
                  "title": "Test3",
                  "fullTitle": "KalkulatorBMI Next Tests Test3",
                  "timedOut": null,
                  "duration": 488,
                  "state": "passed",
                  "speed": "fast",
                  "pass": true,
                  "fail": false,
                  "pending": false,
                  "context": null,
                  "code": "cy.get('.weight').type('60');\nbmi.getConfirmButton().click();\ncy.get('#wagaWyswietlona').should('contain', '60');",
                  "err": {},
                  "uuid": "6c2c9175-cf48-4b0d-a383-7fca9d87d6f1",
                  "parentUUID": "89431738-5718-47d9-879e-d6c4008b0e17",
                  "isHook": false,
                  "skipped": false
                },
                {
                  "title": "Test4",
                  "fullTitle": "KalkulatorBMI Next Tests Test4",
                  "timedOut": null,
                  "duration": 419,
                  "state": "passed",
                  "speed": "fast",
                  "pass": true,
                  "fail": false,
                  "pending": false,
                  "context": null,
                  "code": "cy.get('.height').type('241');\nbmi.getConfirmButton().click();\ncy.get('#wzrostWyswietlony').should('contain', 'Wzrost nie jest poprawny.');",
                  "err": {},
                  "uuid": "c73b29e9-7078-4af3-ae5a-f0efc2276cf7",
                  "parentUUID": "89431738-5718-47d9-879e-d6c4008b0e17",
                  "isHook": false,
                  "skipped": false
                },
                {
                  "title": "Test5",
                  "fullTitle": "KalkulatorBMI Next Tests Test5",
                  "timedOut": null,
                  "duration": 406,
                  "state": "passed",
                  "speed": "fast",
                  "pass": true,
                  "fail": false,
                  "pending": false,
                  "context": null,
                  "code": "cy.get('.height').type('119');\nbmi.getConfirmButton().click();\ncy.get('#wzrostWyswietlony').should('contain', 'Wzrost nie jest poprawny.');",
                  "err": {},
                  "uuid": "a62842d7-5eba-4c14-ad74-e467f4a72fda",
                  "parentUUID": "89431738-5718-47d9-879e-d6c4008b0e17",
                  "isHook": false,
                  "skipped": false
                },
                {
                  "title": "Test6",
                  "fullTitle": "KalkulatorBMI Next Tests Test6",
                  "timedOut": null,
                  "duration": 428,
                  "state": "passed",
                  "speed": "fast",
                  "pass": true,
                  "fail": false,
                  "pending": false,
                  "context": null,
                  "code": "cy.get('.weight').type('201');\nbmi.getConfirmButton().click();\ncy.get('#wagaWyswietlona').should('contain', 'Waga nie jest poprawna.');",
                  "err": {},
                  "uuid": "732ae4ed-4069-4c4f-902f-09e0947b63b1",
                  "parentUUID": "89431738-5718-47d9-879e-d6c4008b0e17",
                  "isHook": false,
                  "skipped": false
                },
                {
                  "title": "Test7",
                  "fullTitle": "KalkulatorBMI Next Tests Test7",
                  "timedOut": null,
                  "duration": 373,
                  "state": "passed",
                  "speed": "fast",
                  "pass": true,
                  "fail": false,
                  "pending": false,
                  "context": null,
                  "code": "cy.get('.weight').type('39');\nbmi.getConfirmButton().click();\ncy.get('#wagaWyswietlona').should('contain', 'Waga nie jest poprawna.');",
                  "err": {},
                  "uuid": "f5ae904e-dc95-427c-8ae0-1d2d928e630a",
                  "parentUUID": "89431738-5718-47d9-879e-d6c4008b0e17",
                  "isHook": false,
                  "skipped": false
                },
                {
                  "title": "Test8",
                  "fullTitle": "KalkulatorBMI Next Tests Test8",
                  "timedOut": null,
                  "duration": 210,
                  "state": "passed",
                  "speed": "fast",
                  "pass": true,
                  "fail": false,
                  "pending": false,
                  "context": null,
                  "code": "cy.get('.przycisk').click();\ncy.get('#wzrostWyswietlony').should('contain', 'Wzrost nie jest poprawny.');",
                  "err": {},
                  "uuid": "ce9029b6-b494-438f-90c5-e1b5be1c2a7e",
                  "parentUUID": "89431738-5718-47d9-879e-d6c4008b0e17",
                  "isHook": false,
                  "skipped": false
                },
                {
                  "title": "Test9",
                  "fullTitle": "KalkulatorBMI Next Tests Test9",
                  "timedOut": null,
                  "duration": 256,
                  "state": "passed",
                  "speed": "fast",
                  "pass": true,
                  "fail": false,
                  "pending": false,
                  "context": null,
                  "code": "cy.get('.przycisk').click();\ncy.get('#wagaWyswietlona').should('contain', 'Waga nie jest poprawna.');",
                  "err": {},
                  "uuid": "f586156b-9d95-4f89-98ac-08cfc18044a2",
                  "parentUUID": "89431738-5718-47d9-879e-d6c4008b0e17",
                  "isHook": false,
                  "skipped": false
                },
                {
                  "title": "Test10",
                  "fullTitle": "KalkulatorBMI Next Tests Test10",
                  "timedOut": null,
                  "duration": 627,
                  "state": "passed",
                  "speed": "fast",
                  "pass": true,
                  "fail": false,
                  "pending": false,
                  "context": null,
                  "code": "cy.get('.height').type('170');\ncy.get('.weight').type('60');\ncy.get('.przycisk').click();\ncy.get('.wynikWyswietlony').should('contain', '20.76');",
                  "err": {},
                  "uuid": "87da29d9-df40-479c-a6cb-f2ff552d61df",
                  "parentUUID": "89431738-5718-47d9-879e-d6c4008b0e17",
                  "isHook": false,
                  "skipped": false
                },
                {
                  "title": "Test11",
                  "fullTitle": "KalkulatorBMI Next Tests Test11",
                  "timedOut": null,
                  "duration": 1111,
                  "state": "passed",
                  "speed": "fast",
                  "pass": true,
                  "fail": false,
                  "pending": false,
                  "context": null,
                  "code": "cy.get('.height').type('170');\ncy.get('.weight').type('60');\ncy.get('.przycisk').click();\ncy.get('.height').type('170');\ncy.get('.weight').type('65');\ncy.get('.przycisk').click();\ncy.get('#opinia').should('contain', 'Twoje BMI wzrosło!');",
                  "err": {},
                  "uuid": "1dd3053f-47d2-4429-86ac-c52dd10cd803",
                  "parentUUID": "89431738-5718-47d9-879e-d6c4008b0e17",
                  "isHook": false,
                  "skipped": false
                },
                {
                  "title": "Test12",
                  "fullTitle": "KalkulatorBMI Next Tests Test12",
                  "timedOut": null,
                  "duration": 1069,
                  "state": "passed",
                  "speed": "fast",
                  "pass": true,
                  "fail": false,
                  "pending": false,
                  "context": null,
                  "code": "cy.get('.height').type('170');\ncy.get('.weight').type('60');\ncy.get('.przycisk').click();\ncy.get('.height').type('170');\ncy.get('.weight').type('58');\ncy.get('.przycisk').click();\ncy.get('#opinia').should('contain', 'Twoje BMI spadło!');",
                  "err": {},
                  "uuid": "62d6028d-4aec-4ae3-be86-b9fb50090fbb",
                  "parentUUID": "89431738-5718-47d9-879e-d6c4008b0e17",
                  "isHook": false,
                  "skipped": false
                },
                {
                  "title": "Test13",
                  "fullTitle": "KalkulatorBMI Next Tests Test13",
                  "timedOut": null,
                  "duration": 585,
                  "state": "passed",
                  "speed": "fast",
                  "pass": true,
                  "fail": false,
                  "pending": false,
                  "context": null,
                  "code": "cy.get('.height').type('170');\ncy.get('.weight').type('60');\ncy.get('.przycisk').click();\ncy.get('#pomiaryHistorii').should('contain', 'Pomiar #1');",
                  "err": {},
                  "uuid": "cc6efcef-d9c9-4634-87aa-1987b7325f8b",
                  "parentUUID": "89431738-5718-47d9-879e-d6c4008b0e17",
                  "isHook": false,
                  "skipped": false
                },
                {
                  "title": "Test14",
                  "fullTitle": "KalkulatorBMI Next Tests Test14",
                  "timedOut": null,
                  "duration": 1114,
                  "state": "passed",
                  "speed": "fast",
                  "pass": true,
                  "fail": false,
                  "pending": false,
                  "context": null,
                  "code": "cy.get('.height').as('input');\ncy.fixture('height').then(frazes => {\n  cy.get('@input').type(frazes[0].fraze);\n});\ncy.get('.weight').as('input');\ncy.fixture('height').then(frazes => {\n  cy.get('@input').type(frazes[1].fraze);\n});\n;\ncy.get('.przycisk').click();\ncy.get('.height').as('input');\ncy.fixture('height').then(frazes => {\n  cy.get('@input').type(frazes[0].fraze);\n});\ncy.get('.weight').type('58');\ncy.get('.przycisk').click();\ncy.get('#pomiaryHistorii').should('contain', 'Pomiar #2');",
                  "err": {},
                  "uuid": "c870ae7c-1178-48bd-82ff-2eae60c3a173",
                  "parentUUID": "89431738-5718-47d9-879e-d6c4008b0e17",
                  "isHook": false,
                  "skipped": false
                }
              ],
              "suites": [],
              "passes": [
                "7f416164-02a0-42e2-9a22-23da81eb28f7",
                "6c2c9175-cf48-4b0d-a383-7fca9d87d6f1",
                "c73b29e9-7078-4af3-ae5a-f0efc2276cf7",
                "a62842d7-5eba-4c14-ad74-e467f4a72fda",
                "732ae4ed-4069-4c4f-902f-09e0947b63b1",
                "f5ae904e-dc95-427c-8ae0-1d2d928e630a",
                "ce9029b6-b494-438f-90c5-e1b5be1c2a7e",
                "f586156b-9d95-4f89-98ac-08cfc18044a2",
                "87da29d9-df40-479c-a6cb-f2ff552d61df",
                "1dd3053f-47d2-4429-86ac-c52dd10cd803",
                "62d6028d-4aec-4ae3-be86-b9fb50090fbb",
                "cc6efcef-d9c9-4634-87aa-1987b7325f8b",
                "c870ae7c-1178-48bd-82ff-2eae60c3a173"
              ],
              "failures": [],
              "pending": [],
              "skipped": [],
              "duration": 7586,
              "root": false,
              "rootEmpty": false,
              "_timeout": 2000
            }
          ],
          "passes": [],
          "failures": [],
          "pending": [],
          "skipped": [],
          "duration": 0,
          "root": false,
          "rootEmpty": false,
          "_timeout": 2000
        }
      ],
      "passes": [],
      "failures": [],
      "pending": [],
      "skipped": [],
      "duration": 0,
      "root": true,
      "rootEmpty": true,
      "_timeout": 2000
    }
  ],
  "meta": {
    "mocha": {
      "version": "7.0.1"
    },
    "mochawesome": {
      "options": {
        "quiet": false,
        "reportFilename": "[status]_[datetime]-[name]-report",
        "saveHtml": true,
        "saveJson": true,
        "consoleReporter": "spec",
        "useInlineDiffs": false,
        "code": true
      },
      "version": "7.1.3"
    },
    "marge": {
      "options": {
        "reportFilename": "[status]_[datetime]-[name]-report",
        "timestamp": "isoDateTime",
        "overwrite": false,
        "html": true,
        "json": true
      },
      "version": "6.2.0"
    }
  }
}