{
  "stats": {
    "suites": 2,
    "tests": 8,
    "passes": 8,
    "pending": 0,
    "failures": 0,
    "start": "2022-06-21T20:18:34.155Z",
    "end": "2022-06-21T20:18:38.420Z",
    "duration": 4265,
    "testsRegistered": 8,
    "passPercent": 100,
    "pendingPercent": 0,
    "other": 0,
    "hasOther": false,
    "skipped": 0,
    "hasSkipped": false
  },
  "results": [
    {
      "uuid": "e6bc864a-9011-4b2f-ab58-7fb3c4bb8cb0",
      "title": "",
      "fullFile": "cypress/integration/2-advanced-examples/connectors.spec.js",
      "file": "cypress/integration/2-advanced-examples/connectors.spec.js",
      "beforeHooks": [],
      "afterHooks": [],
      "tests": [],
      "suites": [
        {
          "uuid": "aaa3c05b-699e-40db-a0ac-630a8d5d7aa6",
          "title": "Connectors",
          "fullFile": "",
          "file": "",
          "beforeHooks": [],
          "afterHooks": [],
          "tests": [
            {
              "title": ".each() - iterate over an array of elements",
              "fullTitle": "Connectors .each() - iterate over an array of elements",
              "timedOut": null,
              "duration": 637,
              "state": "passed",
              "speed": "fast",
              "pass": true,
              "fail": false,
              "pending": false,
              "context": null,
              "code": "// https://on.cypress.io/each\ncy.get('.connectors-each-ul>li').each(($el, index, $list) => {\n  console.log($el, index, $list);\n});",
              "err": {},
              "uuid": "8525fddc-7f4e-486f-92d2-f68aa936e86c",
              "parentUUID": "aaa3c05b-699e-40db-a0ac-630a8d5d7aa6",
              "isHook": false,
              "skipped": false
            },
            {
              "title": ".its() - get properties on the current subject",
              "fullTitle": "Connectors .its() - get properties on the current subject",
              "timedOut": null,
              "duration": 270,
              "state": "passed",
              "speed": "fast",
              "pass": true,
              "fail": false,
              "pending": false,
              "context": null,
              "code": "// https://on.cypress.io/its\ncy.get('.connectors-its-ul>li') // calls the 'length' property yielding that value\n.its('length').should('be.gt', 2);",
              "err": {},
              "uuid": "165a2799-198a-44fc-8c10-97ae53e024f2",
              "parentUUID": "aaa3c05b-699e-40db-a0ac-630a8d5d7aa6",
              "isHook": false,
              "skipped": false
            },
            {
              "title": ".invoke() - invoke a function on the current subject",
              "fullTitle": "Connectors .invoke() - invoke a function on the current subject",
              "timedOut": null,
              "duration": 233,
              "state": "passed",
              "speed": "fast",
              "pass": true,
              "fail": false,
              "pending": false,
              "context": null,
              "code": "// our div is hidden in our script.js\n// $('.connectors-div').hide()\n// https://on.cypress.io/invoke\ncy.get('.connectors-div').should('be.hidden') // call the jquery method 'show' on the 'div.container'\n.invoke('show').should('be.visible');",
              "err": {},
              "uuid": "6712f9ff-5a41-40ec-bb14-415c003cd564",
              "parentUUID": "aaa3c05b-699e-40db-a0ac-630a8d5d7aa6",
              "isHook": false,
              "skipped": false
            },
            {
              "title": ".spread() - spread an array as individual args to callback function",
              "fullTitle": "Connectors .spread() - spread an array as individual args to callback function",
              "timedOut": null,
              "duration": 240,
              "state": "passed",
              "speed": "fast",
              "pass": true,
              "fail": false,
              "pending": false,
              "context": null,
              "code": "// https://on.cypress.io/spread\nconst arr = ['foo', 'bar', 'baz'];\ncy.wrap(arr).spread((foo, bar, baz) => {\n  expect(foo).to.eq('foo');\n  expect(bar).to.eq('bar');\n  expect(baz).to.eq('baz');\n});",
              "err": {},
              "uuid": "e991b236-2b96-42e6-9369-ee2b99b1e648",
              "parentUUID": "aaa3c05b-699e-40db-a0ac-630a8d5d7aa6",
              "isHook": false,
              "skipped": false
            }
          ],
          "suites": [
            {
              "uuid": "5ad10446-aae8-412a-b4f5-e499f6ea4842",
              "title": ".then()",
              "fullFile": "",
              "file": "",
              "beforeHooks": [],
              "afterHooks": [],
              "tests": [
                {
                  "title": "invokes a callback function with the current subject",
                  "fullTitle": "Connectors .then() invokes a callback function with the current subject",
                  "timedOut": null,
                  "duration": 280,
                  "state": "passed",
                  "speed": "fast",
                  "pass": true,
                  "fail": false,
                  "pending": false,
                  "context": null,
                  "code": "// https://on.cypress.io/then\ncy.get('.connectors-list > li').then($lis => {\n  expect($lis, '3 items').to.have.length(3);\n  expect($lis.eq(0), 'first item').to.contain('Walk the dog');\n  expect($lis.eq(1), 'second item').to.contain('Feed the cat');\n  expect($lis.eq(2), 'third item').to.contain('Write JavaScript');\n});",
                  "err": {},
                  "uuid": "f482f9cf-c148-47c9-a4d1-afc3a96b0dbb",
                  "parentUUID": "5ad10446-aae8-412a-b4f5-e499f6ea4842",
                  "isHook": false,
                  "skipped": false
                },
                {
                  "title": "yields the returned value to the next command",
                  "fullTitle": "Connectors .then() yields the returned value to the next command",
                  "timedOut": null,
                  "duration": 217,
                  "state": "passed",
                  "speed": "fast",
                  "pass": true,
                  "fail": false,
                  "pending": false,
                  "context": null,
                  "code": "cy.wrap(1).then(num => {\n  expect(num).to.equal(1);\n  return 2;\n}).then(num => {\n  expect(num).to.equal(2);\n});",
                  "err": {},
                  "uuid": "ddcefb84-3d8d-4746-8d51-d6eb548e2074",
                  "parentUUID": "5ad10446-aae8-412a-b4f5-e499f6ea4842",
                  "isHook": false,
                  "skipped": false
                },
                {
                  "title": "yields the original subject without return",
                  "fullTitle": "Connectors .then() yields the original subject without return",
                  "timedOut": null,
                  "duration": 252,
                  "state": "passed",
                  "speed": "fast",
                  "pass": true,
                  "fail": false,
                  "pending": false,
                  "context": null,
                  "code": "cy.wrap(1).then(num => {\n  expect(num).to.equal(1); // note that nothing is returned from this callback\n}).then(num => {\n  // this callback receives the original unchanged value 1\n  expect(num).to.equal(1);\n});",
                  "err": {},
                  "uuid": "d2b32d93-c78f-444c-a2de-2d88e6a65f5c",
                  "parentUUID": "5ad10446-aae8-412a-b4f5-e499f6ea4842",
                  "isHook": false,
                  "skipped": false
                },
                {
                  "title": "yields the value yielded by the last Cypress command inside",
                  "fullTitle": "Connectors .then() yields the value yielded by the last Cypress command inside",
                  "timedOut": null,
                  "duration": 326,
                  "state": "passed",
                  "speed": "fast",
                  "pass": true,
                  "fail": false,
                  "pending": false,
                  "context": null,
                  "code": "cy.wrap(1).then(num => {\n  expect(num).to.equal(1); // note how we run a Cypress command\n  // the result yielded by this Cypress command\n  // will be passed to the second \".then\"\n  cy.wrap(2);\n}).then(num => {\n  // this callback receives the value yielded by \"cy.wrap(2)\"\n  expect(num).to.equal(2);\n});",
                  "err": {},
                  "uuid": "940a5afc-4e43-4c0b-a688-9c5ebda42d81",
                  "parentUUID": "5ad10446-aae8-412a-b4f5-e499f6ea4842",
                  "isHook": false,
                  "skipped": false
                }
              ],
              "suites": [],
              "passes": [
                "f482f9cf-c148-47c9-a4d1-afc3a96b0dbb",
                "ddcefb84-3d8d-4746-8d51-d6eb548e2074",
                "d2b32d93-c78f-444c-a2de-2d88e6a65f5c",
                "940a5afc-4e43-4c0b-a688-9c5ebda42d81"
              ],
              "failures": [],
              "pending": [],
              "skipped": [],
              "duration": 1075,
              "root": false,
              "rootEmpty": false,
              "_timeout": 2000
            }
          ],
          "passes": [
            "8525fddc-7f4e-486f-92d2-f68aa936e86c",
            "165a2799-198a-44fc-8c10-97ae53e024f2",
            "6712f9ff-5a41-40ec-bb14-415c003cd564",
            "e991b236-2b96-42e6-9369-ee2b99b1e648"
          ],
          "failures": [],
          "pending": [],
          "skipped": [],
          "duration": 1380,
          "root": false,
          "rootEmpty": false,
          "_timeout": 2000
        }
      ],
      "passes": [],
      "failures": [],
      "pending": [],
      "skipped": [],
      "duration": 0,
      "root": true,
      "rootEmpty": true,
      "_timeout": 2000
    }
  ],
  "meta": {
    "mocha": {
      "version": "7.0.1"
    },
    "mochawesome": {
      "options": {
        "quiet": false,
        "reportFilename": "[status]_[datetime]-[name]-report",
        "saveHtml": true,
        "saveJson": true,
        "consoleReporter": "spec",
        "useInlineDiffs": false,
        "code": true
      },
      "version": "7.1.3"
    },
    "marge": {
      "options": {
        "reportFilename": "[status]_[datetime]-[name]-report",
        "timestamp": "isoDateTime",
        "overwrite": false,
        "html": true,
        "json": true
      },
      "version": "6.2.0"
    }
  }
}